0 info it worked if it ends with ok
1 verbose cli [ 'node', '/usr/local/bin/npm', 'install', 'node-sql' ]
2 info using npm@1.4.28
3 info using node@v0.10.33
4 verbose cache add [ 'node-sql', null ]
5 verbose cache add name=undefined spec="node-sql" args=["node-sql",null]
6 verbose parsed url { protocol: null,
6 verbose parsed url   slashes: null,
6 verbose parsed url   auth: null,
6 verbose parsed url   host: null,
6 verbose parsed url   port: null,
6 verbose parsed url   hostname: null,
6 verbose parsed url   hash: null,
6 verbose parsed url   search: null,
6 verbose parsed url   query: null,
6 verbose parsed url   pathname: 'node-sql',
6 verbose parsed url   path: 'node-sql',
6 verbose parsed url   href: 'node-sql' }
7 silly lockFile 4f94e91e-node-sql node-sql
8 verbose lock node-sql /Users/ruthpark/.npm/4f94e91e-node-sql.lock
9 silly lockFile 4f94e91e-node-sql node-sql
10 silly lockFile 4f94e91e-node-sql node-sql
11 verbose addNamed [ 'node-sql', '' ]
12 verbose addNamed [ null, '*' ]
13 silly lockFile 30f6c54f-node-sql node-sql@
14 verbose lock node-sql@ /Users/ruthpark/.npm/30f6c54f-node-sql.lock
15 silly addNameRange { name: 'node-sql', range: '*', hasData: false }
16 verbose request where is /node-sql
17 verbose request registry https://registry.npmjs.org/
18 verbose request id c216e820524ad57a
19 verbose url raw /node-sql
20 verbose url resolving [ 'https://registry.npmjs.org/', './node-sql' ]
21 verbose url resolved https://registry.npmjs.org/node-sql
22 verbose request where is https://registry.npmjs.org/node-sql
23 info trying registry request attempt 1 at 20:09:17
24 http GET https://registry.npmjs.org/node-sql
25 http 404 https://registry.npmjs.org/node-sql
26 verbose headers { server: 'CouchDB/1.5.0 (Erlang OTP/R16B03)',
26 verbose headers   'content-type': 'application/json',
26 verbose headers   'cache-control': 'max-age=0',
26 verbose headers   'content-length': '51',
26 verbose headers   'accept-ranges': 'bytes',
26 verbose headers   date: 'Tue, 28 Apr 2015 00:09:12 GMT',
26 verbose headers   via: '1.1 varnish',
26 verbose headers   age: '0',
26 verbose headers   connection: 'keep-alive',
26 verbose headers   'x-served-by': 'cache-atl6221-ATL',
26 verbose headers   'x-cache': 'MISS',
26 verbose headers   'x-cache-hits': '0',
26 verbose headers   'x-timer': 'S1430179752.445702,VS0,VE115' }
27 silly registry.get cb [ 404,
27 silly registry.get   { server: 'CouchDB/1.5.0 (Erlang OTP/R16B03)',
27 silly registry.get     'content-type': 'application/json',
27 silly registry.get     'cache-control': 'max-age=0',
27 silly registry.get     'content-length': '51',
27 silly registry.get     'accept-ranges': 'bytes',
27 silly registry.get     date: 'Tue, 28 Apr 2015 00:09:12 GMT',
27 silly registry.get     via: '1.1 varnish',
27 silly registry.get     age: '0',
27 silly registry.get     connection: 'keep-alive',
27 silly registry.get     'x-served-by': 'cache-atl6221-ATL',
27 silly registry.get     'x-cache': 'MISS',
27 silly registry.get     'x-cache-hits': '0',
27 silly registry.get     'x-timer': 'S1430179752.445702,VS0,VE115' } ]
28 silly lockFile 30f6c54f-node-sql node-sql@
29 silly lockFile 30f6c54f-node-sql node-sql@
30 error 404 404 Not Found: node-sql
30 error 404
30 error 404 'node-sql' is not in the npm registry.
30 error 404 You should bug the author to publish it
30 error 404
30 error 404 Maybe try 'npm search sql'
30 error 404
30 error 404 Note that you can also install from a
30 error 404 tarball, folder, or http url, or git url.
31 error System Darwin 14.0.0
32 error command "node" "/usr/local/bin/npm" "install" "node-sql"
33 error cwd /Users/ruthpark/teacherResources
34 error node -v v0.10.33
35 error npm -v 1.4.28
36 error code E404
37 verbose exit [ 1, true ]
